\BOOKMARK [0][-]{chapter.1}{Historial de cambios}{}% 1
\BOOKMARK [0][-]{chapter.2}{Introducci\363n}{}% 2
\BOOKMARK [0][-]{chapter.3}{Estructura de los puzzles}{}% 3
\BOOKMARK [0][-]{chapter.4}{Localizaci\363n de los escenarios}{}% 4
\BOOKMARK [0][-]{chapter.5}{Puzzles}{}% 5
\BOOKMARK [1][-]{section.5.1}{Despacho}{chapter.5}% 6
\BOOKMARK [2][-]{subsection.5.1.1}{Tutorial introductorio}{section.5.1}% 7
\BOOKMARK [2][-]{subsection.5.1.2}{Mapa del despacho}{section.5.1}% 8
\BOOKMARK [1][-]{section.5.2}{Biblioteca}{chapter.5}% 9
\BOOKMARK [1][-]{section.5.3}{Caf\351}{chapter.5}% 10
\BOOKMARK [0][-]{section*.8}{GNU Free Documentation License}{}% 11
\BOOKMARK [1][-]{section*.9}{1. APPLICABILITY AND DEFINITIONS}{section*.8}% 12
\BOOKMARK [1][-]{section*.10}{2. VERBATIM COPYING}{section*.8}% 13
\BOOKMARK [1][-]{section*.11}{3. COPYING IN QUANTITY}{section*.8}% 14
\BOOKMARK [1][-]{section*.12}{4. MODIFICATIONS}{section*.8}% 15
\BOOKMARK [1][-]{section*.13}{5. COMBINING DOCUMENTS}{section*.8}% 16
\BOOKMARK [1][-]{section*.14}{6. COLLECTIONS OF DOCUMENTS}{section*.8}% 17
\BOOKMARK [1][-]{section*.15}{7. AGGREGATION WITH INDEPENDENT WORKS}{section*.8}% 18
\BOOKMARK [1][-]{section*.16}{8. TRANSLATION}{section*.8}% 19
\BOOKMARK [1][-]{section*.17}{9. TERMINATION}{section*.8}% 20
\BOOKMARK [1][-]{section*.18}{10. FUTURE REVISIONS OF THIS LICENSE}{section*.8}% 21
\BOOKMARK [1][-]{section*.19}{11. RELICENSING}{section*.8}% 22
\BOOKMARK [1][-]{section*.20}{ADDENDUM: How to use this License for your documents}{section*.8}% 23
