\BOOKMARK [0][-]{chapter.1}{Historial de cambios}{}% 1
\BOOKMARK [0][-]{chapter.2}{Introducci\363n}{}% 2
\BOOKMARK [1][-]{section.2.1}{Sinopsis}{chapter.2}% 3
\BOOKMARK [1][-]{section.2.2}{G\351nero}{chapter.2}% 4
\BOOKMARK [1][-]{section.2.3}{Prop\363sito y p\372blico objetivo}{chapter.2}% 5
\BOOKMARK [1][-]{section.2.4}{Resumen del flujo de juego}{chapter.2}% 6
\BOOKMARK [1][-]{section.2.5}{Estilo visual}{chapter.2}% 7
\BOOKMARK [1][-]{section.2.6}{Alcance del proyecto}{chapter.2}% 8
\BOOKMARK [2][-]{subsection.2.6.1}{N\372mero de niveles}{section.2.6}% 9
\BOOKMARK [2][-]{subsection.2.6.2}{N\372mero de Personajes No Jugables \(PNJ o NPC en ingl\351s\)}{section.2.6}% 10
\BOOKMARK [2][-]{subsection.2.6.3}{N\372mero de puzzles}{section.2.6}% 11
\BOOKMARK [0][-]{chapter.3}{Jugabilidad y mec\341nicas}{}% 12
\BOOKMARK [1][-]{section.3.1}{Jugabilidad}{chapter.3}% 13
\BOOKMARK [2][-]{subsection.3.1.1}{Progresi\363n del juego}{section.3.1}% 14
\BOOKMARK [2][-]{subsection.3.1.2}{Progresi\363n de la dificultad}{section.3.1}% 15
\BOOKMARK [2][-]{subsection.3.1.3}{Objetivos}{section.3.1}% 16
\BOOKMARK [2][-]{subsection.3.1.4}{Flujo de juego}{section.3.1}% 17
\BOOKMARK [1][-]{section.3.2}{Controles}{chapter.3}% 18
\BOOKMARK [1][-]{section.3.3}{Mec\341nicas}{chapter.3}% 19
\BOOKMARK [2][-]{subsection.3.3.1}{Movimiento}{section.3.3}% 20
\BOOKMARK [2][-]{subsection.3.3.2}{Objetos}{section.3.3}% 21
\BOOKMARK [2][-]{subsection.3.3.3}{Acciones}{section.3.3}% 22
\BOOKMARK [1][-]{section.3.4}{Inteligencia Artificial}{chapter.3}% 23
\BOOKMARK [2][-]{subsection.3.4.1}{C\341lculo de la ruta del movimiento del personaje principal}{section.3.4}% 24
\BOOKMARK [2][-]{subsection.3.4.2}{Personajes No Jugables \(PNJs\) o Non Player Characters \(NPCs\)}{section.3.4}% 25
\BOOKMARK [1][-]{section.3.5}{F\355sicas}{chapter.3}% 26
\BOOKMARK [2][-]{subsection.3.5.1}{Sistema de colisiones}{section.3.5}% 27
\BOOKMARK [0][-]{chapter.4}{Interfaz}{}% 28
\BOOKMARK [1][-]{section.4.1}{HUD \(Heads-Up Display\)}{chapter.4}% 29
\BOOKMARK [1][-]{section.4.2}{Diagrama de flujo}{chapter.4}% 30
\BOOKMARK [1][-]{section.4.3}{Descripciones de las pantallas}{chapter.4}% 31
\BOOKMARK [2][-]{subsection.4.3.1}{Men\372 principal}{section.4.3}% 32
\BOOKMARK [2][-]{subsection.4.3.2}{Cargar Partida}{section.4.3}% 33
\BOOKMARK [2][-]{subsection.4.3.3}{Cr\351ditos}{section.4.3}% 34
\BOOKMARK [2][-]{subsection.4.3.4}{Men\372 Opciones}{section.4.3}% 35
\BOOKMARK [2][-]{subsection.4.3.5}{Mapa}{section.4.3}% 36
\BOOKMARK [2][-]{subsection.4.3.6}{Partidas guardadas dentro del juego}{section.4.3}% 37
\BOOKMARK [2][-]{subsection.4.3.7}{Gadipedia}{section.4.3}% 38
\BOOKMARK [2][-]{subsection.4.3.8}{Notas}{section.4.3}% 39
\BOOKMARK [2][-]{subsection.4.3.9}{Ajustes}{section.4.3}% 40
\BOOKMARK [0][-]{chapter.5}{Argumento y personajes}{}% 41
\BOOKMARK [1][-]{section.5.1}{Argumento y narrativa}{chapter.5}% 42
\BOOKMARK [2][-]{subsection.5.1.1}{Trasfondo argumental}{section.5.1}% 43
\BOOKMARK [2][-]{subsection.5.1.2}{Elementos clave}{section.5.1}% 44
\BOOKMARK [2][-]{subsection.5.1.3}{Secuencias cinem\341ticas}{section.5.1}% 45
\BOOKMARK [1][-]{section.5.2}{Mundo del juego}{chapter.5}% 46
\BOOKMARK [2][-]{subsection.5.2.1}{Estilo general}{section.5.2}% 47
\BOOKMARK [2][-]{subsection.5.2.2}{Primer escenario}{section.5.2}% 48
\BOOKMARK [2][-]{subsection.5.2.3}{Segundo escenario}{section.5.2}% 49
\BOOKMARK [1][-]{section.5.3}{Personajes}{chapter.5}% 50
\BOOKMARK [2][-]{subsection.5.3.1}{Protagonista}{section.5.3}% 51
\BOOKMARK [2][-]{subsection.5.3.2}{Profesor}{section.5.3}% 52
\BOOKMARK [2][-]{subsection.5.3.3}{Bibliotecaria}{section.5.3}% 53
\BOOKMARK [0][-]{chapter.6}{Niveles}{}% 54
\BOOKMARK [1][-]{section.6.1}{Nivel 1: Despacho}{chapter.6}% 55
\BOOKMARK [2][-]{subsection.6.1.1}{Sinopsis}{section.6.1}% 56
\BOOKMARK [2][-]{subsection.6.1.2}{Material introductorio}{section.6.1}% 57
\BOOKMARK [2][-]{subsection.6.1.3}{Objetivos}{section.6.1}% 58
\BOOKMARK [2][-]{subsection.6.1.4}{Descripci\363n f\355sica}{section.6.1}% 59
\BOOKMARK [2][-]{subsection.6.1.5}{Mapa}{section.6.1}% 60
\BOOKMARK [2][-]{subsection.6.1.6}{Camino cr\355tico}{section.6.1}% 61
\BOOKMARK [2][-]{subsection.6.1.7}{Resoluci\363n del nivel}{section.6.1}% 62
\BOOKMARK [2][-]{subsection.6.1.8}{Material conclusivo}{section.6.1}% 63
\BOOKMARK [0][-]{chapter.7}{Apartado t\351cnico}{}% 64
\BOOKMARK [1][-]{section.7.1}{Hardware objetivo}{chapter.7}% 65
\BOOKMARK [1][-]{section.7.2}{Hardware y Software de desarrollo}{chapter.7}% 66
\BOOKMARK [1][-]{section.7.3}{Procedimientos y est\341ndares de desarrollo}{chapter.7}% 67
\BOOKMARK [1][-]{section.7.4}{Game Engine}{chapter.7}% 68
\BOOKMARK [1][-]{section.7.5}{Lenguaje de programaci\363n}{chapter.7}% 69
\BOOKMARK [0][-]{chapter.8}{Apartado art\355stico}{}% 70
\BOOKMARK [1][-]{section.8.1}{Arte conceptual}{chapter.8}% 71
\BOOKMARK [1][-]{section.8.2}{Gu\355as de estilo}{chapter.8}% 72
\BOOKMARK [1][-]{section.8.3}{Personajes}{chapter.8}% 73
\BOOKMARK [1][-]{section.8.4}{Escenarios}{chapter.8}% 74
\BOOKMARK [1][-]{section.8.5}{Objetos}{chapter.8}% 75
\BOOKMARK [1][-]{section.8.6}{Escenas cinem\341ticas}{chapter.8}% 76
\BOOKMARK [1][-]{section.8.7}{Miscel\341nea}{chapter.8}% 77
\BOOKMARK [0][-]{chapter.9}{Ap\351ndice}{}% 78
\BOOKMARK [1][-]{section.9.1}{Organizaci\363n de los recursos dentro del proyecto}{chapter.9}% 79
\BOOKMARK [1][-]{section.9.2}{Lista de recursos}{chapter.9}% 80
\BOOKMARK [2][-]{subsection.9.2.1}{Arte}{section.9.2}% 81
\BOOKMARK [2][-]{subsection.9.2.2}{Sonido}{section.9.2}% 82
\BOOKMARK [2][-]{subsection.9.2.3}{M\372sica}{section.9.2}% 83
