\BOOKMARK [0][-]{chapter.1}{Motivaci\363n y contexto del proyecto}{}% 1
\BOOKMARK [1][-]{section.1.1}{Introducci\363n}{chapter.1}% 2
\BOOKMARK [1][-]{section.1.2}{Contexto}{chapter.1}% 3
\BOOKMARK [2][-]{subsection.1.2.1}{Historia del auge, ca\355da, y resurgir de las aventuras gr\341ficas}{section.1.2}% 4
\BOOKMARK [2][-]{subsection.1.2.2}{Videojuegos en el \341mbito educacional}{section.1.2}% 5
\BOOKMARK [1][-]{section.1.3}{Motivaciones}{chapter.1}% 6
\BOOKMARK [1][-]{section.1.4}{Objetivos}{chapter.1}% 7
\BOOKMARK [2][-]{subsection.1.4.1}{Sobre este documento}{section.1.4}% 8
\BOOKMARK [0][-]{chapter.2}{Organizaci\363n temporal}{}% 9
\BOOKMARK [1][-]{section.2.1}{Diagrama de Gantt}{chapter.2}% 10
\BOOKMARK [1][-]{section.2.2}{Etapas de desarrollo del proyecto}{chapter.2}% 11
\BOOKMARK [0][-]{section*.33}{Bibliograf\355a y referencias}{}% 12
\BOOKMARK [0][-]{section*.36}{GNU Free Documentation License}{}% 13
\BOOKMARK [1][-]{section*.37}{1. APPLICABILITY AND DEFINITIONS}{section*.36}% 14
\BOOKMARK [1][-]{section*.38}{2. VERBATIM COPYING}{section*.36}% 15
\BOOKMARK [1][-]{section*.39}{3. COPYING IN QUANTITY}{section*.36}% 16
\BOOKMARK [1][-]{section*.40}{4. MODIFICATIONS}{section*.36}% 17
\BOOKMARK [1][-]{section*.41}{5. COMBINING DOCUMENTS}{section*.36}% 18
\BOOKMARK [1][-]{section*.42}{6. COLLECTIONS OF DOCUMENTS}{section*.36}% 19
\BOOKMARK [1][-]{section*.43}{7. AGGREGATION WITH INDEPENDENT WORKS}{section*.36}% 20
\BOOKMARK [1][-]{section*.44}{8. TRANSLATION}{section*.36}% 21
\BOOKMARK [1][-]{section*.45}{9. TERMINATION}{section*.36}% 22
\BOOKMARK [1][-]{section*.46}{10. FUTURE REVISIONS OF THIS LICENSE}{section*.36}% 23
\BOOKMARK [1][-]{section*.47}{11. RELICENSING}{section*.36}% 24
\BOOKMARK [1][-]{section*.48}{ADDENDUM: How to use this License for your documents}{section*.36}% 25
